[2017-12-27 15:40:21,182] [controller.py] [INFO] 19 测试序列：20171227@154021
[2017-12-27 15:40:21,182] [controller.py] [INFO] 21 开始测试
[2017-12-27 15:40:21,183] [controller.py] [INFO] 23 测试结束，开始发送测试报告
[2017-12-27 15:47:39,914] [controller.py] [INFO] 19 测试序列：20171227@154739
[2017-12-27 15:47:39,915] [controller.py] [INFO] 21 开始测试
[2017-12-27 15:47:39,915] [controller.py] [INFO] 23 测试结束，开始发送测试报告
[2017-12-27 15:47:39,916] [send_email.py] [INFO] 36 开始发送邮件
[2017-12-27 15:48:01,685] [send_email.py] [INFO] 43 邮件发送成功
[2017-12-27 16:26:11,488] [controller.py] [INFO] 19 测试序列：20171227@162611
[2017-12-27 16:26:11,488] [controller.py] [INFO] 21 开始测试
[2017-12-27 16:26:11,489] [controller.py] [INFO] 23 测试结束，开始发送测试报告
[2017-12-27 16:26:11,491] [send_email.py] [INFO] 36 开始发送邮件
[2017-12-27 16:26:35,813] [send_email.py] [INFO] 43 邮件发送成功
[2017-12-27 16:27:39,460] [controller.py] [INFO] 19 测试序列：20171227@162739
[2017-12-27 16:27:39,460] [controller.py] [INFO] 21 开始测试
[2017-12-27 16:27:49,178] [testGxqAndroid.py] [INFO] 27 just start test
[2017-12-27 16:27:52,618] [controller.py] [INFO] 23 测试结束，开始发送测试报告
[2017-12-27 16:27:52,619] [send_email.py] [INFO] 36 开始发送邮件
[2017-12-27 16:28:07,583] [send_email.py] [INFO] 43 邮件发送成功
[2017-12-27 16:28:44,601] [controller.py] [INFO] 19 测试序列：20171227@162844
[2017-12-27 16:28:44,601] [controller.py] [INFO] 21 开始测试
[2017-12-27 16:28:54,027] [testGxqAndroid.py] [INFO] 27 just start test
[2017-12-27 16:46:30,940] [controller.py] [INFO] 19 测试序列：20171227@164630
[2017-12-27 16:46:30,940] [controller.py] [INFO] 21 开始测试
[2017-12-27 16:57:43,877] [testGxqAndroid.py] [INFO] 25 滑过引导页
[2017-12-27 16:57:54,181] [testGxqAndroid.py] [INFO] 32 点击进入
[2017-12-27 16:57:58,571] [testGxqAndroid.py] [INFO] 39 关闭新手弹窗
[2017-12-27 17:00:47,979] [selenium.webdriver.remote.remote_connection] [INFO] 222 Could not get IP address for host: localhost
[2017-12-27 17:01:39,074] [testGxqAndroid.py] [INFO] 27 滑过引导页
[2017-12-27 17:01:49,392] [testGxqAndroid.py] [INFO] 34 点击进入
[2017-12-27 17:01:53,519] [testGxqAndroid.py] [INFO] 41 关闭升级弹窗
[2017-12-27 17:05:44,173] [testGxqAndroid.py] [INFO] 27 滑过引导页
[2017-12-27 17:05:48,523] [testGxqAndroid.py] [INFO] 34 点击进入
[2017-12-27 17:05:51,045] [testGxqAndroid.py] [INFO] 41 关闭升级弹窗
[2017-12-27 17:07:21,202] [testGxqAndroid.py] [INFO] 27 滑过引导页
[2017-12-27 17:07:25,701] [testGxqAndroid.py] [INFO] 34 点击进入
[2017-12-27 17:07:28,858] [testGxqAndroid.py] [INFO] 41 关闭升级弹窗
[2017-12-27 17:13:03,196] [testGxqAndroid.py] [INFO] 29 滑过引导页
[2017-12-27 17:13:07,754] [testGxqAndroid.py] [INFO] 36 点击进入
[2017-12-27 17:13:10,854] [testGxqAndroid.py] [INFO] 43 关闭升级弹窗
[2017-12-27 17:14:42,927] [testGxqAndroid.py] [INFO] 29 滑过引导页
[2017-12-27 17:14:47,433] [testGxqAndroid.py] [INFO] 36 点击进入
[2017-12-27 17:14:50,735] [testGxqAndroid.py] [INFO] 43 关闭升级弹窗
[2017-12-27 17:22:09,126] [testGxqAndroid.py] [INFO] 29 滑过引导页
[2017-12-27 17:22:13,592] [testGxqAndroid.py] [INFO] 36 点击进入
[2017-12-27 17:22:23,297] [testGxqAndroid.py] [INFO] 45 关闭升级弹窗
[2017-12-27 17:22:25,624] [testGxqAndroid.py] [INFO] 51 关闭新手弹窗
[2017-12-27 17:22:27,461] [base_page.py] [INFO] 82 开始通过id查找元素gxq_new_user_close
[2017-12-27 17:22:41,659] [base_page.py] [ERROR] 142 查找元素失败
[2017-12-27 17:22:44,820] [base_page.py] [INFO] 63 已截图，保存在E:\Learn\python\appiumDemo/screenshot/20171227172241.png
[2017-12-27 17:30:15,413] [testGxqAndroid.py] [INFO] 29 滑过引导页
[2017-12-27 17:30:21,108] [testGxqAndroid.py] [INFO] 39 点击进入
[2017-12-27 17:30:29,105] [testGxqAndroid.py] [INFO] 46 关闭升级弹窗
[2017-12-27 17:30:31,240] [testGxqAndroid.py] [INFO] 52 关闭新手弹窗
[2017-12-27 17:30:33,059] [base_page.py] [INFO] 84 开始通过id查找元素gxq_new_user_close
[2017-12-27 17:30:49,700] [base_page.py] [ERROR] 144 查找元素失败
[2017-12-27 17:30:52,765] [base_page.py] [INFO] 65 已截图，保存在E:\Learn\python\appiumDemo\screenshot\screenShort-20171227@173049.png
[2017-12-27 17:30:52,765] [testGxqAndroid.py] [WARNING] 59 无需二次关闭，继续
[2017-12-27 17:30:52,765] [testGxqAndroid.py] [INFO] 68 just start test
[2017-12-27 17:37:34,705] [testGxqAndroid.py] [INFO] 30 滑过引导页
[2017-12-27 17:37:40,339] [testGxqAndroid.py] [INFO] 40 点击进入
[2017-12-27 17:37:48,549] [testGxqAndroid.py] [INFO] 47 关闭升级弹窗
[2017-12-27 17:37:50,565] [testGxqAndroid.py] [INFO] 53 关闭新手弹窗
[2017-12-27 17:37:52,417] [base_page.py] [INFO] 84 开始通过id查找元素gxq_new_user_close
[2017-12-27 17:38:04,374] [base_page.py] [ERROR] 144 查找元素失败
[2017-12-27 17:38:07,628] [base_page.py] [INFO] 65 已截图，保存在E:\Learn\python\appiumDemo\screenshot\screenShort-20171227@173804.png
[2017-12-27 17:38:07,628] [testGxqAndroid.py] [WARNING] 60 无需二次关闭，继续
[2017-12-27 17:38:07,629] [testGxqAndroid.py] [INFO] 69 just start test
[2017-12-27 17:38:07,629] [base_page.py] [INFO] 84 开始通过id查找元素my_money_head
[2017-12-27 17:38:23,456] [base_page.py] [ERROR] 144 查找元素失败
[2017-12-27 17:38:26,387] [base_page.py] [INFO] 65 已截图，保存在E:\Learn\python\appiumDemo\screenshot\screenShort-20171227@173823.png
[2017-12-27 17:38:26,387] [testGxqAndroid.py] [WARNING] 73 无需点击头像，继续
[2017-12-27 17:38:26,387] [base_page.py] [INFO] 84 开始通过id查找元素gxq_write_phone_num_username
[2017-12-27 17:38:41,052] [base_page.py] [INFO] 162 已输入15768896473
[2017-12-27 17:38:41,052] [base_page.py] [INFO] 84 开始通过id查找元素gxq_write_phone_num_next_btn
[2017-12-27 17:38:43,096] [base_page.py] [INFO] 176 已点击按钮
[2017-12-27 17:38:43,096] [base_page.py] [INFO] 84 开始通过id查找元素gxq_more_new_login_password
[2017-12-27 17:39:03,260] [base_page.py] [INFO] 162 已输入123456
[2017-12-27 17:39:03,260] [base_page.py] [INFO] 84 开始通过id查找元素gxq_more_new_login_next_btn
[2017-12-27 17:39:05,476] [base_page.py] [INFO] 176 已点击按钮
[2017-12-27 17:50:00,141] [testGxqAndroid.py] [INFO] 19 开始，启动应用中
[2017-12-27 17:52:49,022] [testGxqAndroid.py] [INFO] 19 开始，启动应用中
[2017-12-27 17:53:38,702] [testGxqAndroid.py] [INFO] 19 开始，启动应用中
[2017-12-27 17:53:52,815] [testGxqAndroid.py] [INFO] 32 滑过引导页
[2017-12-27 17:53:57,175] [base_page.py] [INFO] 84 开始通过id查找元素new_start_bt
[2017-12-27 17:54:06,095] [base_page.py] [ERROR] 144 查找元素失败
[2017-12-27 17:54:09,793] [base_page.py] [INFO] 65 已截图，保存在E:\Learn\python\appiumDemo\screenshot\screenShort-20171227@175406.png
[2017-12-27 17:54:45,598] [testGxqAndroid.py] [INFO] 19 开始，启动应用中
[2017-12-27 17:55:00,834] [testGxqAndroid.py] [INFO] 32 滑过引导页
[2017-12-27 17:55:05,194] [base_page.py] [INFO] 84 开始通过id查找元素new_start_bt
[2017-12-27 17:55:21,712] [base_page.py] [ERROR] 164 发生异常Message: An element could not be located on the page using the given search parameters.

[2017-12-27 17:55:25,132] [base_page.py] [INFO] 65 已截图，保存在E:\Learn\python\appiumDemo\screenshot\screenShort-20171227@175521.png
[2017-12-27 17:55:25,132] [testGxqAndroid.py] [INFO] 45 检测是否有升级弹窗
[2017-12-27 17:55:25,132] [base_page.py] [INFO] 84 开始通过id查找元素gxq_dialog_btn_left
[2017-12-27 17:55:34,190] [testGxqAndroid.py] [INFO] 19 开始，启动应用中
[2017-12-27 17:56:37,882] [testGxqAndroid.py] [INFO] 19 开始，启动应用中
[2017-12-27 17:56:52,861] [testGxqAndroid.py] [INFO] 34 滑过引导页
[2017-12-27 17:56:57,226] [base_page.py] [INFO] 84 开始通过id查找元素new_start_bt
[2017-12-27 17:57:13,325] [base_page.py] [ERROR] 164 发生异常Message: An element could not be located on the page using the given search parameters.

[2017-12-27 17:57:16,713] [base_page.py] [INFO] 65 已截图，保存在E:\Learn\python\appiumDemo\screenshot\screenShort-20171227@175713.png
[2017-12-27 17:57:16,713] [testGxqAndroid.py] [INFO] 47 检测是否有升级弹窗
[2017-12-27 17:57:16,713] [base_page.py] [INFO] 84 开始通过id查找元素gxq_dialog_btn_left
[2017-12-27 17:57:22,037] [base_page.py] [INFO] 176 已点击按钮
[2017-12-27 17:57:22,037] [base_page.py] [INFO] 84 开始通过id查找元素gxq_has_reg_ed
[2017-12-27 17:57:24,461] [base_page.py] [INFO] 176 已点击按钮
[2017-12-27 17:57:24,462] [base_page.py] [INFO] 84 开始通过id查找元素gxq_new_user_close
[2017-12-27 17:57:31,436] [base_page.py] [ERROR] 144 查找元素失败
[2017-12-27 17:57:34,531] [base_page.py] [INFO] 65 已截图，保存在E:\Learn\python\appiumDemo\screenshot\screenShort-20171227@175731.png
[2017-12-27 17:57:34,531] [testGxqAndroid.py] [WARNING] 57 无需二次关闭，继续
[2017-12-27 17:57:34,531] [testGxqAndroid.py] [INFO] 66 just start test
[2017-12-27 17:57:34,531] [base_page.py] [INFO] 84 开始通过id查找元素my_money_head
[2017-12-27 17:57:41,571] [base_page.py] [ERROR] 144 查找元素失败
[2017-12-27 17:57:44,654] [base_page.py] [INFO] 65 已截图，保存在E:\Learn\python\appiumDemo\screenshot\screenShort-20171227@175741.png
[2017-12-27 17:57:44,654] [testGxqAndroid.py] [WARNING] 70 无需点击头像，继续
[2017-12-27 17:57:44,654] [base_page.py] [INFO] 84 开始通过id查找元素gxq_write_phone_num_username
[2017-12-27 17:57:56,909] [base_page.py] [INFO] 162 已输入15768896473
[2017-12-27 17:57:56,909] [base_page.py] [INFO] 84 开始通过id查找元素gxq_write_phone_num_next_btn
[2017-12-27 17:57:59,767] [base_page.py] [INFO] 176 已点击按钮
[2017-12-27 17:57:59,767] [base_page.py] [INFO] 84 开始通过id查找元素gxq_more_new_login_password
[2017-12-27 17:58:18,633] [base_page.py] [INFO] 162 已输入123456
[2017-12-27 17:58:18,634] [base_page.py] [INFO] 84 开始通过id查找元素gxq_more_new_login_next_btn
[2017-12-27 17:58:20,798] [base_page.py] [INFO] 176 已点击按钮
[2017-12-27 18:03:18,975] [controller.py] [INFO] 19 测试序列：20171227@180318
[2017-12-27 18:03:18,976] [controller.py] [INFO] 21 开始测试
[2017-12-27 18:03:18,976] [testGxqAndroid.py] [INFO] 19 开始，启动应用中
[2017-12-27 18:03:32,899] [testGxqAndroid.py] [INFO] 34 滑过引导页
[2017-12-27 18:03:37,288] [base_page.py] [INFO] 84 开始通过id查找元素new_start_bt
[2017-12-27 18:03:53,205] [base_page.py] [ERROR] 164 发生异常Message: An element could not be located on the page using the given search parameters.

[2017-12-27 18:03:56,741] [base_page.py] [INFO] 65 已截图，保存在E:\Learn\python\appiumDemo\screenshot\screenShort-20171227@180353.png
[2017-12-27 18:03:56,741] [testGxqAndroid.py] [INFO] 47 检测是否有升级弹窗
[2017-12-27 18:03:56,741] [base_page.py] [INFO] 84 开始通过id查找元素gxq_dialog_btn_left
[2017-12-27 18:03:58,409] [base_page.py] [INFO] 176 已点击按钮
[2017-12-27 18:03:58,409] [base_page.py] [INFO] 84 开始通过id查找元素gxq_has_reg_ed
[2017-12-27 18:04:00,320] [base_page.py] [INFO] 176 已点击按钮
[2017-12-27 18:04:00,320] [base_page.py] [INFO] 84 开始通过id查找元素gxq_new_user_close
[2017-12-27 18:04:08,647] [base_page.py] [ERROR] 144 查找元素失败
[2017-12-27 18:04:11,716] [base_page.py] [INFO] 65 已截图，保存在E:\Learn\python\appiumDemo\screenshot\screenShort-20171227@180408.png
[2017-12-27 18:04:11,716] [testGxqAndroid.py] [WARNING] 57 无需二次关闭，继续
[2017-12-27 18:04:11,716] [testGxqAndroid.py] [INFO] 66 just start test
[2017-12-27 18:04:11,716] [base_page.py] [INFO] 84 开始通过id查找元素my_money_head
[2017-12-27 18:04:20,545] [base_page.py] [ERROR] 144 查找元素失败
[2017-12-27 18:04:23,935] [base_page.py] [INFO] 65 已截图，保存在E:\Learn\python\appiumDemo\screenshot\screenShort-20171227@180420.png
[2017-12-27 18:04:23,935] [testGxqAndroid.py] [WARNING] 70 无需点击头像，继续
[2017-12-27 18:04:23,936] [base_page.py] [INFO] 84 开始通过id查找元素gxq_write_phone_num_username
[2017-12-27 18:04:36,658] [base_page.py] [INFO] 162 已输入15768896473
[2017-12-27 18:04:36,658] [base_page.py] [INFO] 84 开始通过id查找元素gxq_write_phone_num_next_btn
[2017-12-27 18:04:38,768] [base_page.py] [INFO] 176 已点击按钮
[2017-12-27 18:04:38,768] [base_page.py] [INFO] 84 开始通过id查找元素gxq_more_new_login_password
[2017-12-27 18:04:52,359] [base_page.py] [INFO] 162 已输入123456
[2017-12-27 18:04:52,359] [base_page.py] [INFO] 84 开始通过id查找元素gxq_more_new_login_next_btn
[2017-12-27 18:04:54,503] [base_page.py] [INFO] 176 已点击按钮
[2017-12-27 18:10:50,433] [controller.py] [INFO] 19 测试序列：20171227@181050
[2017-12-27 18:10:50,433] [controller.py] [INFO] 21 开始测试
[2017-12-27 18:10:50,434] [testGxqAndroid.py] [INFO] 19 开始，启动应用中
[2017-12-27 18:11:04,576] [testGxqAndroid.py] [INFO] 34 滑过引导页
[2017-12-27 18:11:08,964] [base_page.py] [INFO] 84 开始通过id查找元素new_start_bt
[2017-12-27 18:11:10,475] [base_page.py] [INFO] 176 已点击按钮
[2017-12-27 18:11:10,475] [testGxqAndroid.py] [INFO] 47 检测是否有升级弹窗
[2017-12-27 18:11:10,475] [base_page.py] [INFO] 84 开始通过id查找元素gxq_dialog_btn_left
[2017-12-27 18:11:21,765] [base_page.py] [INFO] 176 已点击按钮
[2017-12-27 18:11:21,765] [base_page.py] [INFO] 84 开始通过id查找元素gxq_has_reg_ed
[2017-12-27 18:11:24,172] [base_page.py] [INFO] 176 已点击按钮
[2017-12-27 18:11:24,172] [base_page.py] [INFO] 84 开始通过id查找元素gxq_new_user_close
[2017-12-27 18:11:34,102] [base_page.py] [ERROR] 144 查找元素失败
[2017-12-27 18:11:37,610] [base_page.py] [INFO] 65 已截图，保存在E:\Learn\python\appiumDemo\screenshot\screenShort-20171227@181134.png
[2017-12-27 18:11:37,611] [testGxqAndroid.py] [WARNING] 57 无需二次关闭，继续
[2017-12-27 18:11:37,611] [testGxqAndroid.py] [INFO] 80 just start test fund tab
[2017-12-27 18:11:37,611] [base_page.py] [INFO] 84 开始通过id查找元素main_activity_fund_btn
[2017-12-27 18:11:44,854] [base_page.py] [ERROR] 144 查找元素失败
[2017-12-27 18:11:48,232] [base_page.py] [INFO] 65 已截图，保存在E:\Learn\python\appiumDemo\screenshot\screenShort-20171227@181144.png
[2017-12-27 18:11:51,851] [testGxqAndroid.py] [INFO] 19 开始，启动应用中
[2017-12-27 18:12:06,532] [testGxqAndroid.py] [INFO] 34 滑过引导页
[2017-12-27 18:12:10,902] [base_page.py] [INFO] 84 开始通过id查找元素new_start_bt
[2017-12-27 18:12:12,870] [base_page.py] [INFO] 176 已点击按钮
[2017-12-27 18:12:12,870] [testGxqAndroid.py] [INFO] 47 检测是否有升级弹窗
[2017-12-27 18:12:12,870] [base_page.py] [INFO] 84 开始通过id查找元素gxq_dialog_btn_left
[2017-12-27 18:12:18,065] [base_page.py] [INFO] 176 已点击按钮
[2017-12-27 18:12:18,065] [base_page.py] [INFO] 84 开始通过id查找元素gxq_has_reg_ed
[2017-12-27 18:12:20,514] [base_page.py] [INFO] 176 已点击按钮
[2017-12-27 18:12:20,514] [base_page.py] [INFO] 84 开始通过id查找元素gxq_new_user_close
[2017-12-27 18:12:27,553] [base_page.py] [ERROR] 144 查找元素失败
[2017-12-27 18:12:31,008] [base_page.py] [INFO] 65 已截图，保存在E:\Learn\python\appiumDemo\screenshot\screenShort-20171227@181227.png
[2017-12-27 18:12:31,008] [testGxqAndroid.py] [WARNING] 57 无需二次关闭，继续
[2017-12-27 18:12:31,009] [testGxqAndroid.py] [INFO] 66 just start test
[2017-12-27 18:12:31,009] [base_page.py] [INFO] 84 开始通过id查找元素my_money_head
[2017-12-27 18:12:37,719] [base_page.py] [ERROR] 144 查找元素失败
[2017-12-27 18:12:41,152] [base_page.py] [INFO] 65 已截图，保存在E:\Learn\python\appiumDemo\screenshot\screenShort-20171227@181237.png
[2017-12-27 18:12:41,153] [testGxqAndroid.py] [WARNING] 70 无需点击头像，继续
[2017-12-27 18:12:41,153] [base_page.py] [INFO] 84 开始通过id查找元素gxq_write_phone_num_username
[2017-12-27 18:13:30,599] [controller.py] [INFO] 19 测试序列：20171227@181330
[2017-12-27 18:13:30,599] [controller.py] [INFO] 21 开始测试
[2017-12-27 18:13:30,599] [testGxqAndroid.py] [INFO] 19 开始，启动应用中
[2017-12-27 18:13:45,443] [testGxqAndroid.py] [INFO] 34 滑过引导页
[2017-12-27 18:13:49,782] [base_page.py] [INFO] 84 开始通过id查找元素new_start_bt
[2017-12-27 18:13:52,296] [base_page.py] [INFO] 176 已点击按钮
[2017-12-27 18:13:52,297] [testGxqAndroid.py] [INFO] 47 检测是否有升级弹窗
[2017-12-27 18:13:52,297] [base_page.py] [INFO] 84 开始通过id查找元素gxq_dialog_btn_left
[2017-12-27 18:13:58,508] [base_page.py] [INFO] 176 已点击按钮
[2017-12-27 18:13:58,508] [base_page.py] [INFO] 84 开始通过id查找元素gxq_has_reg_ed
[2017-12-27 18:14:00,421] [base_page.py] [INFO] 176 已点击按钮
[2017-12-27 18:14:00,421] [base_page.py] [INFO] 84 开始通过id查找元素gxq_new_user_close
[2017-12-27 18:14:08,259] [base_page.py] [ERROR] 144 查找元素失败
[2017-12-27 18:14:11,571] [base_page.py] [INFO] 65 已截图，保存在E:\Learn\python\appiumDemo\screenshot\screenShort-20171227@181408.png
[2017-12-27 18:14:11,571] [testGxqAndroid.py] [WARNING] 57 无需二次关闭，继续
[2017-12-27 18:14:11,571] [testGxqAndroid.py] [INFO] 66 just start test
[2017-12-27 18:14:11,572] [base_page.py] [INFO] 84 开始通过id查找元素my_money_head
[2017-12-27 18:14:17,939] [base_page.py] [ERROR] 144 查找元素失败
[2017-12-27 18:14:21,157] [base_page.py] [INFO] 65 已截图，保存在E:\Learn\python\appiumDemo\screenshot\screenShort-20171227@181417.png
[2017-12-27 18:14:21,157] [testGxqAndroid.py] [WARNING] 70 无需点击头像，继续
[2017-12-27 18:14:21,157] [base_page.py] [INFO] 84 开始通过id查找元素gxq_write_phone_num_username
[2017-12-27 18:14:36,165] [base_page.py] [INFO] 162 已输入15768896473
[2017-12-27 18:14:36,166] [base_page.py] [INFO] 84 开始通过id查找元素gxq_write_phone_num_next_btn
[2017-12-27 18:14:38,232] [base_page.py] [INFO] 176 已点击按钮
[2017-12-27 18:14:38,232] [base_page.py] [INFO] 84 开始通过id查找元素gxq_more_new_login_password
[2017-12-27 18:14:54,717] [base_page.py] [INFO] 162 已输入123456
[2017-12-27 18:14:54,718] [base_page.py] [INFO] 84 开始通过id查找元素gxq_more_new_login_next_btn
[2017-12-27 18:14:56,621] [base_page.py] [INFO] 176 已点击按钮
[2017-12-27 18:15:00,135] [testGxqAndroid.py] [INFO] 19 开始，启动应用中
[2017-12-27 18:15:14,420] [testGxqAndroid.py] [INFO] 34 滑过引导页
[2017-12-27 18:15:18,781] [base_page.py] [INFO] 84 开始通过id查找元素new_start_bt
[2017-12-27 18:15:20,717] [base_page.py] [INFO] 176 已点击按钮
[2017-12-27 18:15:20,717] [testGxqAndroid.py] [INFO] 47 检测是否有升级弹窗
[2017-12-27 18:15:20,717] [base_page.py] [INFO] 84 开始通过id查找元素gxq_dialog_btn_left
[2017-12-27 18:15:26,513] [base_page.py] [INFO] 176 已点击按钮
[2017-12-27 18:15:26,514] [base_page.py] [INFO] 84 开始通过id查找元素gxq_has_reg_ed
[2017-12-27 18:15:28,894] [base_page.py] [INFO] 176 已点击按钮
[2017-12-27 18:15:28,895] [base_page.py] [INFO] 84 开始通过id查找元素gxq_new_user_close
[2017-12-27 18:15:36,128] [base_page.py] [ERROR] 144 查找元素失败
[2017-12-27 18:15:39,467] [base_page.py] [INFO] 65 已截图，保存在E:\Learn\python\appiumDemo\screenshot\screenShort-20171227@181536.png
[2017-12-27 18:15:39,468] [testGxqAndroid.py] [WARNING] 57 无需二次关闭，继续
[2017-12-27 18:15:39,468] [testGxqAndroid.py] [INFO] 80 just start test fund tab
[2017-12-27 18:15:39,468] [base_page.py] [INFO] 84 开始通过id查找元素main_activity_fund_btn
[2017-12-27 18:15:45,627] [base_page.py] [ERROR] 144 查找元素失败
[2017-12-27 18:15:49,215] [base_page.py] [INFO] 65 已截图，保存在E:\Learn\python\appiumDemo\screenshot\screenShort-20171227@181545.png
[2017-12-28 10:11:10,977] [controller.py] [INFO] 19 测试序列：20171228@101110
[2017-12-28 10:11:10,977] [controller.py] [INFO] 21 开始测试
[2017-12-28 10:11:10,978] [testGxqAndroid.py] [INFO] 20 开始，启动应用中
[2017-12-28 10:11:25,940] [testGxqAndroid.py] [INFO] 31 滑过引导页
[2017-12-28 10:11:30,257] [base_page.py] [INFO] 84 开始通过id查找元素new_start_bt
[2017-12-28 10:11:32,546] [base_page.py] [INFO] 176 已点击按钮
[2017-12-28 10:11:32,546] [testGxqAndroid.py] [INFO] 44 检测是否有升级弹窗
[2017-12-28 10:11:32,546] [base_page.py] [INFO] 84 开始通过id查找元素gxq_dialog_btn_left
[2017-12-28 10:11:40,731] [base_page.py] [INFO] 176 已点击按钮
[2017-12-28 10:11:40,731] [base_page.py] [INFO] 84 开始通过id查找元素gxq_has_reg_ed
[2017-12-28 10:11:42,611] [base_page.py] [INFO] 176 已点击按钮
[2017-12-28 10:11:42,611] [base_page.py] [INFO] 84 开始通过id查找元素gxq_new_user_close
[2017-12-28 10:11:52,888] [base_page.py] [ERROR] 144 查找元素失败
[2017-12-28 10:11:56,224] [base_page.py] [INFO] 65 已截图，保存在E:\Learn\python\appiumDemo\screenshot\screenShort-20171228@101152.png
[2017-12-28 10:11:56,224] [testGxqAndroid.py] [WARNING] 54 无需二次关闭，继续
[2017-12-28 10:11:56,224] [testGxqAndroid.py] [INFO] 65 just start test
[2017-12-28 10:11:56,224] [base_page.py] [INFO] 84 开始通过id查找元素my_money_head
[2017-12-28 10:12:03,369] [base_page.py] [ERROR] 144 查找元素失败
[2017-12-28 10:12:06,571] [base_page.py] [INFO] 65 已截图，保存在E:\Learn\python\appiumDemo\screenshot\screenShort-20171228@101203.png
[2017-12-28 10:12:06,571] [testGxqAndroid.py] [WARNING] 69 无需点击头像，继续
[2017-12-28 10:12:06,571] [base_page.py] [INFO] 84 开始通过id查找元素gxq_write_phone_num_username
[2017-12-28 10:12:23,019] [base_page.py] [INFO] 162 已输入15768896473
[2017-12-28 10:12:23,019] [base_page.py] [INFO] 84 开始通过id查找元素gxq_write_phone_num_next_btn
[2017-12-28 10:12:25,381] [base_page.py] [INFO] 176 已点击按钮
[2017-12-28 10:12:25,381] [base_page.py] [INFO] 84 开始通过id查找元素gxq_more_new_login_password
[2017-12-28 10:12:47,154] [base_page.py] [INFO] 162 已输入123456
[2017-12-28 10:12:47,155] [base_page.py] [INFO] 84 开始通过id查找元素gxq_more_new_login_next_btn
[2017-12-28 10:12:49,170] [base_page.py] [INFO] 176 已点击按钮
[2017-12-28 10:12:49,170] [testGxqAndroid.py] [INFO] 79 just start test fund tab
[2017-12-28 10:12:49,170] [base_page.py] [INFO] 84 开始通过id查找元素main_activity_fund_btn
[2017-12-28 10:12:56,643] [base_page.py] [INFO] 176 已点击按钮
[2017-12-28 10:12:56,643] [base_page.py] [INFO] 84 开始通过id查找元素main_activity_market_btn
[2017-12-28 10:12:58,695] [base_page.py] [INFO] 176 已点击按钮
[2017-12-28 10:12:58,695] [base_page.py] [INFO] 84 开始通过id查找元素main_activity_discovery_btn
[2017-12-28 10:13:00,733] [base_page.py] [INFO] 176 已点击按钮
[2017-12-28 10:13:00,733] [base_page.py] [INFO] 84 开始通过id查找元素main_activity_hot_btn
[2017-12-28 10:13:06,220] [base_page.py] [INFO] 176 已点击按钮
[2017-12-28 10:23:14,091] [controller.py] [INFO] 19 测试序列：20171228@102314
[2017-12-28 10:23:14,091] [controller.py] [INFO] 21 开始测试
[2017-12-28 10:23:14,092] [testGxqAndroid.py] [INFO] 20 开始，启动应用中
[2017-12-28 10:23:28,378] [testGxqAndroid.py] [INFO] 31 滑过引导页
[2017-12-28 10:23:32,705] [base_page.py] [INFO] 84 开始通过id查找元素new_start_bt
[2017-12-28 10:23:34,321] [base_page.py] [INFO] 176 已点击按钮
[2017-12-28 10:23:34,321] [testGxqAndroid.py] [INFO] 44 检测是否有升级弹窗
[2017-12-28 10:23:34,321] [base_page.py] [INFO] 84 开始通过id查找元素gxq_dialog_btn_left
[2017-12-28 10:23:42,456] [base_page.py] [INFO] 176 已点击按钮
[2017-12-28 10:23:42,456] [base_page.py] [INFO] 84 开始通过id查找元素gxq_has_reg_ed
[2017-12-28 10:23:44,368] [base_page.py] [INFO] 176 已点击按钮
[2017-12-28 10:23:44,368] [base_page.py] [INFO] 84 开始通过id查找元素gxq_new_user_close
[2017-12-28 10:23:53,436] [base_page.py] [ERROR] 144 查找元素失败
[2017-12-28 10:23:56,714] [base_page.py] [INFO] 65 已截图，保存在E:\Learn\python\appiumDemo\screenshot\screenShort-20171228@102353.png
[2017-12-28 10:23:56,714] [testGxqAndroid.py] [WARNING] 54 无需二次关闭，继续
[2017-12-28 10:23:56,714] [testGxqAndroid.py] [INFO] 65 start login
[2017-12-28 10:23:56,715] [base_page.py] [INFO] 84 开始通过id查找元素my_money_head
[2017-12-28 10:24:07,397] [base_page.py] [ERROR] 144 查找元素失败
[2017-12-28 10:24:10,493] [base_page.py] [INFO] 65 已截图，保存在E:\Learn\python\appiumDemo\screenshot\screenShort-20171228@102407.png
[2017-12-28 10:24:10,493] [testGxqAndroid.py] [WARNING] 69 无需点击头像，继续
[2017-12-28 10:24:10,493] [base_page.py] [INFO] 84 开始通过id查找元素gxq_write_phone_num_username
[2017-12-28 10:24:24,561] [base_page.py] [INFO] 162 已输入15768896473
[2017-12-28 10:24:24,561] [base_page.py] [INFO] 84 开始通过id查找元素gxq_write_phone_num_next_btn
[2017-12-28 10:24:27,226] [base_page.py] [INFO] 176 已点击按钮
[2017-12-28 10:24:27,226] [base_page.py] [INFO] 84 开始通过id查找元素gxq_more_new_login_password
[2017-12-28 10:24:48,477] [base_page.py] [INFO] 162 已输入123456
[2017-12-28 10:24:48,477] [base_page.py] [INFO] 84 开始通过id查找元素gxq_more_new_login_next_btn
[2017-12-28 10:24:50,369] [base_page.py] [INFO] 176 已点击按钮
[2017-12-28 10:25:57,355] [testFundTab.py] [INFO] 16 打开应用
[2017-12-28 10:26:34,764] [testFundTab.py] [INFO] 27 检测是否有升级弹窗
[2017-12-28 10:26:34,764] [base_page.py] [INFO] 84 开始通过id查找元素gxq_dialog_btn_left
[2017-12-28 10:26:36,439] [base_page.py] [INFO] 176 已点击按钮
[2017-12-28 10:26:36,439] [testFundTab.py] [INFO] 41 start test fund tab
[2017-12-28 10:26:36,439] [base_page.py] [INFO] 84 开始通过id查找元素main_activity_fund_btn
[2017-12-28 10:26:39,594] [base_page.py] [INFO] 176 已点击按钮
[2017-12-28 10:26:39,595] [base_page.py] [INFO] 84 开始通过id查找元素main_activity_market_btn
[2017-12-28 10:26:42,445] [base_page.py] [INFO] 176 已点击按钮
[2017-12-28 10:26:42,445] [base_page.py] [INFO] 84 开始通过id查找元素main_activity_discovery_btn
[2017-12-28 10:26:44,295] [base_page.py] [INFO] 176 已点击按钮
[2017-12-28 10:26:44,295] [base_page.py] [INFO] 84 开始通过id查找元素main_activity_hot_btn
[2017-12-28 10:26:47,170] [base_page.py] [INFO] 176 已点击按钮
[2017-12-28 10:28:26,154] [testFundTab.py] [INFO] 16 打开应用
[2017-12-28 10:28:33,569] [testFundTab.py] [INFO] 27 检测是否有升级弹窗
[2017-12-28 10:28:33,569] [base_page.py] [INFO] 84 开始通过id查找元素gxq_dialog_btn_left
[2017-12-28 10:28:43,439] [base_page.py] [INFO] 176 已点击按钮
[2017-12-28 10:28:43,439] [testFundTab.py] [INFO] 41 start test fund tab
[2017-12-28 10:28:43,439] [base_page.py] [INFO] 84 开始通过id查找元素main_activity_fund_btn
[2017-12-28 10:28:45,826] [base_page.py] [INFO] 176 已点击按钮
[2017-12-28 10:28:47,827] [base_page.py] [INFO] 84 开始通过id查找元素main_activity_market_btn
[2017-12-28 10:28:49,243] [base_page.py] [INFO] 176 已点击按钮
[2017-12-28 10:28:51,244] [base_page.py] [INFO] 84 开始通过id查找元素main_activity_discovery_btn
[2017-12-28 10:28:53,857] [base_page.py] [INFO] 176 已点击按钮
[2017-12-28 10:28:55,857] [base_page.py] [INFO] 84 开始通过id查找元素main_activity_hot_btn
[2017-12-28 10:28:58,556] [base_page.py] [INFO] 176 已点击按钮
[2017-12-28 11:01:29,068] [testFundTab.py] [INFO] 17 打开应用
[2017-12-28 11:02:10,734] [testFundTab.py] [INFO] 17 打开应用
[2017-12-28 11:03:58,287] [testFundTab.py] [INFO] 17 打开应用
[2017-12-28 11:04:08,126] [testFundTab.py] [INFO] 22 检测是否有升级弹窗
[2017-12-28 11:04:08,126] [base_page.py] [INFO] 84 开始通过id查找元素gxq_dialog_btn_left
[2017-12-28 11:04:18,637] [base_page.py] [INFO] 176 已点击按钮
[2017-12-28 11:04:18,638] [testFundTab.py] [INFO] 36 start test fund tab
[2017-12-28 11:04:18,638] [base_page.py] [INFO] 84 开始通过id查找元素main_activity_fund_btn
[2017-12-28 11:04:21,115] [base_page.py] [INFO] 176 已点击按钮
[2017-12-28 11:04:23,115] [base_page.py] [INFO] 84 开始通过id查找元素main_activity_market_btn
[2017-12-28 11:04:25,034] [base_page.py] [INFO] 176 已点击按钮
[2017-12-28 11:04:27,035] [base_page.py] [INFO] 84 开始通过id查找元素main_activity_discovery_btn
[2017-12-28 11:04:30,115] [base_page.py] [INFO] 176 已点击按钮
[2017-12-28 11:04:32,115] [base_page.py] [INFO] 84 开始通过id查找元素main_activity_hot_btn
[2017-12-28 11:04:35,282] [base_page.py] [INFO] 176 已点击按钮
[2017-12-28 11:07:17,589] [controller.py] [INFO] 19 测试序列：20171228@110717
[2017-12-28 11:07:17,589] [controller.py] [INFO] 21 开始测试
[2017-12-28 11:07:17,589] [testFundTab.py] [INFO] 17 打开应用
[2017-12-28 11:07:25,630] [testFundTab.py] [INFO] 22 检测是否有升级弹窗
[2017-12-28 11:07:25,630] [base_page.py] [INFO] 84 开始通过id查找元素gxq_dialog_btn_left
[2017-12-28 11:07:35,318] [base_page.py] [INFO] 176 已点击按钮
[2017-12-28 11:07:35,318] [testFundTab.py] [INFO] 36 start test fund tab
[2017-12-28 11:07:35,318] [base_page.py] [INFO] 84 开始通过id查找元素main_activity_fund_btn
[2017-12-28 11:07:38,160] [base_page.py] [INFO] 176 已点击按钮
[2017-12-28 11:07:40,163] [base_page.py] [INFO] 84 开始通过id查找元素main_activity_market_btn
[2017-12-28 11:07:42,068] [base_page.py] [INFO] 176 已点击按钮
[2017-12-28 11:07:44,068] [base_page.py] [INFO] 84 开始通过id查找元素main_activity_discovery_btn
[2017-12-28 11:07:46,434] [base_page.py] [INFO] 176 已点击按钮
[2017-12-28 11:07:48,435] [base_page.py] [INFO] 84 开始通过id查找元素main_activity_hot_btn
[2017-12-28 11:07:51,196] [base_page.py] [INFO] 176 已点击按钮
[2017-12-28 11:08:01,946] [testGxqLogin.py] [INFO] 21 安装，启动应用中
[2017-12-28 11:08:15,649] [init_env.py] [INFO] 35 滑过引导页
[2017-12-28 11:08:20,075] [base_page.py] [INFO] 84 开始通过id查找元素new_start_bt
[2017-12-28 11:08:21,418] [base_page.py] [INFO] 176 已点击按钮
[2017-12-28 11:08:21,419] [init_env.py] [INFO] 47 检测是否有升级弹窗
[2017-12-28 11:08:21,419] [base_page.py] [INFO] 84 开始通过id查找元素gxq_dialog_btn_left
[2017-12-28 11:08:29,372] [base_page.py] [INFO] 176 已点击按钮
[2017-12-28 11:08:29,372] [base_page.py] [INFO] 84 开始通过id查找元素gxq_has_reg_ed
[2017-12-28 11:08:31,328] [base_page.py] [INFO] 176 已点击按钮
[2017-12-28 11:08:31,329] [base_page.py] [INFO] 84 开始通过id查找元素gxq_new_user_close
[2017-12-28 11:08:46,496] [base_page.py] [ERROR] 144 查找元素失败
[2017-12-28 11:08:49,589] [base_page.py] [INFO] 65 已截图，保存在E:\Learn\python\appiumDemo\screenshot\screenShort-20171228@110846.png
[2017-12-28 11:08:49,590] [testGxqLogin.py] [WARNING] 29 无需二次关闭，继续
[2017-12-28 11:08:49,590] [testGxqLogin.py] [INFO] 40 start login
[2017-12-28 11:08:49,590] [base_page.py] [INFO] 84 开始通过id查找元素my_money_head
[2017-12-28 11:09:01,278] [base_page.py] [ERROR] 144 查找元素失败
[2017-12-28 11:09:04,431] [base_page.py] [INFO] 65 已截图，保存在E:\Learn\python\appiumDemo\screenshot\screenShort-20171228@110901.png
[2017-12-28 11:09:04,431] [testGxqLogin.py] [WARNING] 44 无需点击头像，继续
[2017-12-28 11:09:04,431] [base_page.py] [INFO] 84 开始通过id查找元素gxq_write_phone_num_username
[2017-12-28 11:09:20,167] [base_page.py] [INFO] 162 已输入15768896473
[2017-12-28 11:09:20,167] [base_page.py] [INFO] 84 开始通过id查找元素gxq_write_phone_num_next_btn
[2017-12-28 11:09:22,196] [base_page.py] [INFO] 176 已点击按钮
[2017-12-28 11:09:22,196] [base_page.py] [INFO] 84 开始通过id查找元素gxq_more_new_login_password
[2017-12-28 11:09:40,933] [base_page.py] [INFO] 162 已输入123456
[2017-12-28 11:09:40,934] [base_page.py] [INFO] 84 开始通过id查找元素gxq_more_new_login_next_btn
[2017-12-28 11:09:43,350] [base_page.py] [INFO] 176 已点击按钮
[2017-12-28 11:16:19,752] [controller.py] [INFO] 19 测试序列：20171228@111619
[2017-12-28 11:16:19,753] [controller.py] [INFO] 21 开始测试
[2017-12-28 11:16:19,771] [testGxqLogin.py] [INFO] 19 安装，启动应用中
[2017-12-28 11:16:45,120] [init_env.py] [INFO] 35 滑过引导页
[2017-12-28 11:16:49,482] [base_page.py] [INFO] 84 开始通过id查找元素new_start_bt
[2017-12-28 11:16:51,539] [base_page.py] [INFO] 176 已点击按钮
[2017-12-28 11:16:51,539] [init_env.py] [INFO] 47 检测是否有升级弹窗
[2017-12-28 11:16:51,539] [base_page.py] [INFO] 84 开始通过id查找元素gxq_dialog_btn_left
[2017-12-28 11:16:58,994] [base_page.py] [INFO] 176 已点击按钮
[2017-12-28 11:16:58,994] [base_page.py] [INFO] 84 开始通过id查找元素gxq_has_reg_ed
[2017-12-28 11:17:01,895] [base_page.py] [INFO] 176 已点击按钮
[2017-12-28 11:17:01,895] [base_page.py] [INFO] 84 开始通过id查找元素gxq_new_user_close
[2017-12-28 11:17:08,639] [base_page.py] [ERROR] 144 查找元素失败
[2017-12-28 11:17:11,835] [base_page.py] [INFO] 65 已截图，保存在E:\Learn\python\appiumDemo\screenshot\screenShort-20171228@111708.png
[2017-12-28 11:17:11,836] [testGxqLogin.py] [WARNING] 27 无需二次关闭，继续
[2017-12-28 11:17:11,836] [testGxqLogin.py] [INFO] 37 start login
[2017-12-28 11:17:11,836] [base_page.py] [INFO] 84 开始通过id查找元素my_money_head
[2017-12-28 11:17:21,045] [base_page.py] [ERROR] 144 查找元素失败
[2017-12-28 11:17:24,445] [base_page.py] [INFO] 65 已截图，保存在E:\Learn\python\appiumDemo\screenshot\screenShort-20171228@111721.png
[2017-12-28 11:17:24,445] [testGxqLogin.py] [WARNING] 41 无需点击头像，继续
[2017-12-28 11:17:24,445] [base_page.py] [INFO] 84 开始通过id查找元素gxq_write_phone_num_username
[2017-12-28 11:17:37,956] [base_page.py] [INFO] 162 已输入15768896473
[2017-12-28 11:17:37,956] [base_page.py] [INFO] 84 开始通过id查找元素gxq_write_phone_num_next_btn
[2017-12-28 11:17:40,783] [base_page.py] [INFO] 176 已点击按钮
[2017-12-28 11:17:40,783] [base_page.py] [INFO] 84 开始通过id查找元素gxq_more_new_login_password
[2017-12-28 11:17:53,729] [base_page.py] [INFO] 162 已输入123456
[2017-12-28 11:17:53,729] [base_page.py] [INFO] 84 开始通过id查找元素gxq_more_new_login_next_btn
[2017-12-28 11:17:56,070] [base_page.py] [INFO] 176 已点击按钮
[2017-12-28 11:18:01,619] [testGxqTab.py] [INFO] 18 打开应用
[2017-12-28 11:18:08,586] [testGxqTab.py] [INFO] 23 检测是否有升级弹窗
[2017-12-28 11:18:08,586] [base_page.py] [INFO] 84 开始通过id查找元素gxq_dialog_btn_left
[2017-12-28 11:18:16,784] [base_page.py] [INFO] 176 已点击按钮
[2017-12-28 11:18:16,784] [testGxqTab.py] [INFO] 36 start test fund tab
[2017-12-28 11:18:16,784] [base_page.py] [INFO] 84 开始通过id查找元素main_activity_fund_btn
[2017-12-28 11:18:19,602] [base_page.py] [INFO] 176 已点击按钮
[2017-12-28 11:18:21,602] [base_page.py] [INFO] 84 开始通过id查找元素main_activity_market_btn
[2017-12-28 11:18:24,466] [base_page.py] [INFO] 176 已点击按钮
[2017-12-28 11:18:26,466] [base_page.py] [INFO] 84 开始通过id查找元素main_activity_discovery_btn
[2017-12-28 11:18:28,022] [base_page.py] [INFO] 176 已点击按钮
[2017-12-28 11:18:30,023] [base_page.py] [INFO] 84 开始通过id查找元素main_activity_hot_btn
[2017-12-28 11:18:33,091] [base_page.py] [INFO] 176 已点击按钮
[2017-12-28 14:47:26,391] [controller.py] [INFO] 19 测试序列：20171228@144726
[2017-12-28 14:47:26,392] [controller.py] [INFO] 21 开始测试
[2017-12-28 14:47:26,392] [testGxqLogin.py] [INFO] 19 安装，启动应用中
[2017-12-28 14:47:41,152] [init_env.py] [INFO] 35 滑过引导页
[2017-12-28 14:47:45,615] [base_page.py] [INFO] 84 开始通过id查找元素new_start_bt
[2017-12-28 14:47:47,224] [base_page.py] [INFO] 176 已点击按钮
[2017-12-28 14:47:47,225] [init_env.py] [INFO] 47 检测是否有升级弹窗
[2017-12-28 14:47:47,225] [base_page.py] [INFO] 84 开始通过id查找元素gxq_dialog_btn_left
[2017-12-28 14:48:01,112] [base_page.py] [INFO] 176 已点击按钮
[2017-12-28 14:48:01,112] [base_page.py] [INFO] 84 开始通过id查找元素gxq_has_reg_ed
[2017-12-28 14:48:03,145] [base_page.py] [INFO] 176 已点击按钮
[2017-12-28 14:48:03,145] [base_page.py] [INFO] 84 开始通过id查找元素gxq_new_user_close
[2017-12-28 14:48:10,371] [base_page.py] [ERROR] 144 查找元素失败
[2017-12-28 14:48:13,865] [base_page.py] [INFO] 65 已截图，保存在E:\Learn\python\appiumDemo\screenshot\screenShort-20171228@144810.png
[2017-12-28 14:48:13,865] [testGxqLogin.py] [WARNING] 27 无需二次关闭，继续
[2017-12-28 14:48:13,865] [testGxqLogin.py] [INFO] 37 start login
[2017-12-28 14:48:13,865] [base_page.py] [INFO] 84 开始通过id查找元素my_money_head
[2017-12-28 14:48:28,885] [base_page.py] [ERROR] 144 查找元素失败
[2017-12-28 14:48:32,086] [base_page.py] [INFO] 65 已截图，保存在E:\Learn\python\appiumDemo\screenshot\screenShort-20171228@144828.png
[2017-12-28 14:48:32,086] [testGxqLogin.py] [WARNING] 41 无需点击头像，继续
[2017-12-28 14:48:32,086] [base_page.py] [INFO] 84 开始通过id查找元素gxq_write_phone_num_username
[2017-12-28 14:48:48,243] [base_page.py] [INFO] 162 已输入15768896473
[2017-12-28 14:48:48,243] [base_page.py] [INFO] 84 开始通过id查找元素gxq_write_phone_num_next_btn
[2017-12-28 14:48:50,176] [base_page.py] [INFO] 176 已点击按钮
[2017-12-28 14:48:50,176] [base_page.py] [INFO] 84 开始通过id查找元素gxq_more_new_login_password
[2017-12-28 14:49:05,628] [base_page.py] [INFO] 162 已输入123456
[2017-12-28 14:49:05,628] [base_page.py] [INFO] 84 开始通过id查找元素gxq_more_new_login_next_btn
[2017-12-28 14:49:07,427] [base_page.py] [INFO] 176 已点击按钮
[2017-12-28 14:49:13,353] [testGxqTab.py] [INFO] 18 打开应用
[2017-12-28 14:49:21,944] [testGxqTab.py] [INFO] 23 检测是否有升级弹窗
[2017-12-28 14:49:21,944] [base_page.py] [INFO] 84 开始通过id查找元素gxq_dialog_btn_left
[2017-12-28 14:49:30,683] [base_page.py] [INFO] 176 已点击按钮
[2017-12-28 14:49:30,683] [testGxqTab.py] [INFO] 36 start test fund tab
[2017-12-28 14:49:30,683] [base_page.py] [INFO] 84 开始通过id查找元素main_activity_fund_btn
[2017-12-28 14:49:34,615] [base_page.py] [INFO] 176 已点击按钮
[2017-12-28 14:49:36,615] [base_page.py] [INFO] 84 开始通过id查找元素main_activity_market_btn
[2017-12-28 14:49:39,079] [base_page.py] [INFO] 176 已点击按钮
[2017-12-28 14:49:41,079] [base_page.py] [INFO] 84 开始通过id查找元素main_activity_discovery_btn
[2017-12-28 14:49:42,568] [base_page.py] [INFO] 176 已点击按钮
[2017-12-28 14:49:44,569] [base_page.py] [INFO] 84 开始通过id查找元素main_activity_hot_btn
[2017-12-28 14:49:46,447] [base_page.py] [INFO] 176 已点击按钮
[2017-12-28 14:49:48,448] [testGxqTab.py] [INFO] 36 start test fund tab
[2017-12-28 14:49:48,448] [base_page.py] [INFO] 84 开始通过id查找元素main_activity_fund_btn
[2017-12-28 14:49:50,597] [base_page.py] [INFO] 176 已点击按钮
[2017-12-28 14:49:52,598] [base_page.py] [INFO] 84 开始通过id查找元素main_activity_market_btn
[2017-12-28 14:49:54,543] [base_page.py] [INFO] 176 已点击按钮
[2017-12-28 14:49:56,543] [base_page.py] [INFO] 84 开始通过id查找元素main_activity_discovery_btn
[2017-12-28 14:49:58,666] [base_page.py] [INFO] 176 已点击按钮
[2017-12-28 14:50:00,666] [base_page.py] [INFO] 84 开始通过id查找元素main_activity_hot_btn
[2017-12-28 14:50:03,241] [base_page.py] [INFO] 176 已点击按钮
[2017-12-28 14:50:34,505] [controller.py] [INFO] 19 测试序列：20171228@145034
[2017-12-28 14:50:34,505] [controller.py] [INFO] 21 开始测试
[2017-12-28 14:50:34,527] [testGxqLogin.py] [INFO] 19 安装，启动应用中
[2017-12-28 14:50:49,157] [init_env.py] [INFO] 35 滑过引导页
[2017-12-28 14:50:53,557] [base_page.py] [INFO] 84 开始通过id查找元素new_start_bt
[2017-12-28 14:50:56,596] [base_page.py] [INFO] 176 已点击按钮
[2017-12-28 14:50:56,597] [init_env.py] [INFO] 47 检测是否有升级弹窗
[2017-12-28 14:50:56,597] [base_page.py] [INFO] 84 开始通过id查找元素gxq_dialog_btn_left
[2017-12-28 14:51:05,446] [base_page.py] [INFO] 176 已点击按钮
[2017-12-28 14:51:05,446] [base_page.py] [INFO] 84 开始通过id查找元素gxq_has_reg_ed
[2017-12-28 14:51:07,299] [base_page.py] [INFO] 176 已点击按钮
[2017-12-28 14:51:07,299] [base_page.py] [INFO] 84 开始通过id查找元素gxq_new_user_close
[2017-12-28 14:51:14,668] [base_page.py] [ERROR] 144 查找元素失败
[2017-12-28 14:51:18,200] [base_page.py] [INFO] 65 已截图，保存在E:\Learn\python\appiumDemo\screenshot\screenShort-20171228@145114.png
[2017-12-28 14:51:18,201] [testGxqLogin.py] [WARNING] 27 无需二次关闭，继续
[2017-12-28 14:51:18,201] [testGxqLogin.py] [INFO] 37 start login
[2017-12-28 14:51:18,201] [base_page.py] [INFO] 84 开始通过id查找元素my_money_head
[2017-12-28 14:51:25,539] [base_page.py] [ERROR] 144 查找元素失败
[2017-12-28 14:51:28,704] [base_page.py] [INFO] 65 已截图，保存在E:\Learn\python\appiumDemo\screenshot\screenShort-20171228@145125.png
[2017-12-28 14:51:28,704] [testGxqLogin.py] [WARNING] 41 无需点击头像，继续
[2017-12-28 14:51:28,704] [base_page.py] [INFO] 84 开始通过id查找元素gxq_write_phone_num_username
[2017-12-28 14:51:44,635] [base_page.py] [INFO] 162 已输入15768896473
[2017-12-28 14:51:44,636] [base_page.py] [INFO] 84 开始通过id查找元素gxq_write_phone_num_next_btn
[2017-12-28 14:51:47,210] [base_page.py] [INFO] 176 已点击按钮
[2017-12-28 14:51:47,210] [base_page.py] [INFO] 84 开始通过id查找元素gxq_more_new_login_password
[2017-12-28 14:52:04,783] [base_page.py] [INFO] 162 已输入123456
[2017-12-28 14:52:04,783] [base_page.py] [INFO] 84 开始通过id查找元素gxq_more_new_login_next_btn
[2017-12-28 14:52:06,665] [base_page.py] [INFO] 176 已点击按钮
[2017-12-28 14:52:12,353] [testGxqTab.py] [INFO] 18 打开应用
[2017-12-28 14:52:19,851] [testGxqTab.py] [INFO] 23 检测是否有升级弹窗
[2017-12-28 14:52:19,851] [base_page.py] [INFO] 84 开始通过id查找元素gxq_dialog_btn_left
[2017-12-28 14:52:28,791] [base_page.py] [INFO] 176 已点击按钮
[2017-12-28 14:52:28,791] [testGxqTab.py] [INFO] 36 start test fund tab
[2017-12-28 14:52:28,791] [base_page.py] [INFO] 84 开始通过id查找元素main_activity_fund_btn
[2017-12-28 14:52:30,997] [base_page.py] [INFO] 176 已点击按钮
[2017-12-28 14:52:32,997] [base_page.py] [INFO] 84 开始通过id查找元素main_activity_market_btn
[2017-12-28 14:52:34,817] [base_page.py] [INFO] 176 已点击按钮
[2017-12-28 14:52:36,818] [base_page.py] [INFO] 84 开始通过id查找元素main_activity_discovery_btn
[2017-12-28 14:52:38,258] [base_page.py] [INFO] 176 已点击按钮
[2017-12-28 14:52:40,258] [base_page.py] [INFO] 84 开始通过id查找元素main_activity_hot_btn
[2017-12-28 14:52:41,912] [base_page.py] [INFO] 176 已点击按钮
[2017-12-28 14:52:51,451] [testWebPage.py] [INFO] 17 打开应用
[2017-12-28 14:52:58,707] [testWebPage.py] [INFO] 22 检测是否有升级弹窗
[2017-12-28 14:52:58,708] [base_page.py] [INFO] 84 开始通过id查找元素gxq_dialog_btn_left
[2017-12-28 14:53:08,288] [base_page.py] [INFO] 176 已点击按钮
[2017-12-28 14:54:24,433] [testWebPage.py] [INFO] 17 打开应用
[2017-12-28 14:54:32,144] [testWebPage.py] [INFO] 22 检测是否有升级弹窗
[2017-12-28 14:54:32,144] [base_page.py] [INFO] 84 开始通过id查找元素gxq_dialog_btn_left
[2017-12-28 14:54:43,029] [base_page.py] [INFO] 176 已点击按钮
[2017-12-28 14:57:34,499] [testWebPage.py] [INFO] 17 打开应用
[2017-12-28 14:57:52,258] [testWebPage.py] [INFO] 22 检测是否有升级弹窗
[2017-12-28 14:57:52,258] [base_page.py] [INFO] 84 开始通过id查找元素gxq_dialog_btn_left
[2017-12-28 14:57:53,895] [base_page.py] [INFO] 176 已点击按钮
[2017-12-28 14:58:19,464] [testWebPage.py] [INFO] 17 打开应用
[2017-12-28 14:58:38,647] [testWebPage.py] [INFO] 22 检测是否有升级弹窗
[2017-12-28 14:58:38,647] [base_page.py] [INFO] 84 开始通过id查找元素gxq_dialog_btn_left
[2017-12-28 14:58:41,096] [base_page.py] [INFO] 176 已点击按钮
[2017-12-28 15:19:31,737] [testWebPage.py] [INFO] 17 打开应用
[2017-12-28 15:19:49,794] [testWebPage.py] [INFO] 22 检测是否有升级弹窗
[2017-12-28 15:19:49,794] [base_page.py] [INFO] 84 开始通过id查找元素gxq_dialog_btn_left
[2017-12-28 15:19:51,965] [base_page.py] [INFO] 176 已点击按钮
